2026-02-01 21:54:44.383 [Test worker] INFO  io.ktor.server.Application - Autoreload is disabled because the development mode is off.
2026-02-01 21:54:44.663 [Test worker] INFO  io.ktor.server.Application - Application started in 0.497 seconds.
2026-02-01 21:54:44.847 [DefaultDispatcher-worker-1 @coroutine#2] INFO  io.ktor.server.Application - Responding at http://0.0.0.0:55418
2026-02-01 21:54:45.843 [DefaultDispatcher-worker-2 @coroutine#8] TRACE i.k.c.p.c.ContentNegotiation - Adding Accept=application/json header for http://localhost:55418/resources/index.json
2026-02-01 21:54:45.845 [DefaultDispatcher-worker-2 @coroutine#8] TRACE i.k.c.p.c.ContentNegotiation - Body type class io.ktor.client.utils.EmptyContent is in ignored types. Skipping ContentNegotiation for http://localhost:55418/resources/index.json.
2026-02-01 21:54:45.845 [DefaultDispatcher-worker-2 @coroutine#8] TRACE i.ktor.client.plugins.HttpPlainText - Adding Accept-Charset=UTF-8 to http://localhost:55418/resources/index.json
2026-02-01 21:54:46.068 [eventLoopGroupProxy-4-1 @call-handler#12] TRACE io.ktor.server.routing.Routing - Trace for [resources, index.json]
/, segment:0 -> SUCCESS @ /
  /(staticContent), segment:0 -> SUCCESS @ /(staticContent)
    /(staticContent)/resources, segment:1 -> SUCCESS @ /(staticContent)/resources
      /(staticContent)/resources/{...}, segment:2 -> SUCCESS; Parameters [static-content-path-parameter=[index.json]] @ /(staticContent)/resources/{...}
        /(staticContent)/resources/{...}/(method:GET), segment:2 -> SUCCESS @ /(staticContent)/resources/{...}/(method:GET)
Matched routes:
  "" -> "(staticContent)" -> "resources" -> "{...}" -> "(method:GET)"
Routing resolve result:
  SUCCESS; Parameters [static-content-path-parameter=[index.json]] @ /(staticContent)/resources/{...}/(method:GET)
2026-02-01 21:54:46.167 [DefaultDispatcher-worker-2 @coroutine#8] TRACE io.ktor.client.plugins.SaveBody - Saving body for http://localhost:55418/resources/index.json
2026-02-01 21:54:46.170 [DefaultDispatcher-worker-2 @coroutine#8] TRACE i.k.client.plugins.HttpCallValidator - Validating response for request http://localhost:55418/resources/index.json
2026-02-01 21:54:46.170 [DefaultDispatcher-worker-2 @coroutine#8] TRACE i.k.c.p.DefaultResponseValidation - Skipping default response validation for http://localhost:55418/resources/index.json
2026-02-01 21:54:46.203 [DefaultDispatcher-worker-2 @coroutine#8] TRACE i.k.c.p.c.ContentNegotiation - Response body was converted to class world.respect.lib.opds.model.OpdsFeed for http://localhost:55418/resources/index.json.
2026-02-01 21:54:46.257 [DefaultDispatcher-worker-1 @coroutine#20] TRACE i.k.c.p.c.ContentNegotiation - Adding Accept=application/json header for http://localhost:55418/resources/index.json
2026-02-01 21:54:46.258 [DefaultDispatcher-worker-1 @coroutine#20] TRACE i.k.c.p.c.ContentNegotiation - Body type class io.ktor.client.utils.EmptyContent is in ignored types. Skipping ContentNegotiation for http://localhost:55418/resources/index.json.
2026-02-01 21:54:46.258 [DefaultDispatcher-worker-1 @coroutine#20] TRACE i.ktor.client.plugins.HttpPlainText - Adding Accept-Charset=UTF-8 to http://localhost:55418/resources/index.json
2026-02-01 21:54:46.295 [eventLoopGroupProxy-4-1 @call-handler#12] INFO  io.ktor.server.Application - [32m200 OK[m: [36mGET[m - /resources/index.json in 232ms
2026-02-01 21:54:46.296 [eventLoopGroupProxy-4-1 @call-handler#22] TRACE io.ktor.server.routing.Routing - Trace for [resources, index.json]
/, segment:0 -> SUCCESS @ /
  /(staticContent), segment:0 -> SUCCESS @ /(staticContent)
    /(staticContent)/resources, segment:1 -> SUCCESS @ /(staticContent)/resources
      /(staticContent)/resources/{...}, segment:2 -> SUCCESS; Parameters [static-content-path-parameter=[index.json]] @ /(staticContent)/resources/{...}
        /(staticContent)/resources/{...}/(method:GET), segment:2 -> SUCCESS @ /(staticContent)/resources/{...}/(method:GET)
Matched routes:
  "" -> "(staticContent)" -> "resources" -> "{...}" -> "(method:GET)"
Routing resolve result:
  SUCCESS; Parameters [static-content-path-parameter=[index.json]] @ /(staticContent)/resources/{...}/(method:GET)
2026-02-01 21:54:46.297 [eventLoopGroupProxy-4-1 @call-handler#22] INFO  io.ktor.server.Application - [33m304 Not Modified[m: [36mGET[m - /resources/index.json in 2ms
2026-02-01 21:54:46.298 [DefaultDispatcher-worker-1 @coroutine#20] TRACE io.ktor.client.plugins.SaveBody - Saving body for http://localhost:55418/resources/index.json
2026-02-01 21:54:46.299 [DefaultDispatcher-worker-1 @coroutine#20] TRACE i.k.client.plugins.HttpCallValidator - Validating response for request http://localhost:55418/resources/index.json
2026-02-01 21:54:46.299 [DefaultDispatcher-worker-1 @coroutine#20] TRACE i.k.c.p.DefaultResponseValidation - Skipping default response validation for http://localhost:55418/resources/index.json
2026-02-01 21:54:48.420 [Test worker] INFO  io.ktor.server.Application - Autoreload is disabled because the development mode is off.
2026-02-01 21:54:48.421 [Test worker] INFO  io.ktor.server.Application - Application started in 0.001 seconds.
2026-02-01 21:54:48.423 [DefaultDispatcher-worker-1 @coroutine#26] INFO  io.ktor.server.Application - Responding at http://0.0.0.0:55426
2026-02-01 21:54:48.430 [Test worker @coroutine#30] TRACE i.k.c.p.c.ContentNegotiation - Adding Accept=application/json header for http://localhost:55426/resources/index.json
2026-02-01 21:54:48.430 [Test worker @coroutine#30] TRACE i.k.c.p.c.ContentNegotiation - Body type class io.ktor.client.utils.EmptyContent is in ignored types. Skipping ContentNegotiation for http://localhost:55426/resources/index.json.
2026-02-01 21:54:48.430 [Test worker @coroutine#30] TRACE i.ktor.client.plugins.HttpPlainText - Adding Accept-Charset=UTF-8 to http://localhost:55426/resources/index.json
2026-02-01 21:54:48.434 [eventLoopGroupProxy-7-1 @call-handler#35] TRACE io.ktor.server.routing.Routing - Trace for [resources, index.json]
/, segment:0 -> SUCCESS @ /
  /(staticContent), segment:0 -> SUCCESS @ /(staticContent)
    /(staticContent)/resources, segment:1 -> SUCCESS @ /(staticContent)/resources
      /(staticContent)/resources/{...}, segment:2 -> SUCCESS; Parameters [static-content-path-parameter=[index.json]] @ /(staticContent)/resources/{...}
        /(staticContent)/resources/{...}/(method:GET), segment:2 -> SUCCESS @ /(staticContent)/resources/{...}/(method:GET)
Matched routes:
  "" -> "(staticContent)" -> "resources" -> "{...}" -> "(method:GET)"
Routing resolve result:
  SUCCESS; Parameters [static-content-path-parameter=[index.json]] @ /(staticContent)/resources/{...}/(method:GET)
2026-02-01 21:54:48.435 [eventLoopGroupProxy-7-1 @call-handler#35] INFO  io.ktor.server.Application - [32m200 OK[m: [36mGET[m - /resources/index.json in 1ms
2026-02-01 21:54:48.436 [Test worker @coroutine#30] TRACE io.ktor.client.plugins.SaveBody - Saving body for http://localhost:55426/resources/index.json
2026-02-01 21:54:48.436 [Test worker @coroutine#30] TRACE i.k.client.plugins.HttpCallValidator - Validating response for request http://localhost:55426/resources/index.json
2026-02-01 21:54:48.436 [Test worker @coroutine#30] TRACE i.k.c.p.DefaultResponseValidation - Skipping default response validation for http://localhost:55426/resources/index.json
2026-02-01 21:54:48.437 [Test worker @coroutine#30] TRACE i.k.c.p.c.ContentNegotiation - Response body was converted to class world.respect.lib.opds.model.OpdsFeed for http://localhost:55426/resources/index.json.
2026-02-01 21:54:48.442 [DefaultDispatcher-worker-5 @coroutine#43] TRACE i.k.c.p.c.ContentNegotiation - Adding Accept=application/json header for http://localhost:55426/resources/index.json
2026-02-01 21:54:48.442 [DefaultDispatcher-worker-5 @coroutine#43] TRACE i.k.c.p.c.ContentNegotiation - Body type class io.ktor.client.utils.EmptyContent is in ignored types. Skipping ContentNegotiation for http://localhost:55426/resources/index.json.
2026-02-01 21:54:48.442 [DefaultDispatcher-worker-5 @coroutine#43] TRACE i.ktor.client.plugins.HttpPlainText - Adding Accept-Charset=UTF-8 to http://localhost:55426/resources/index.json
2026-02-01 21:54:48.444 [eventLoopGroupProxy-7-1 @call-handler#45] TRACE io.ktor.server.routing.Routing - Trace for [resources, index.json]
/, segment:0 -> SUCCESS @ /
  /(staticContent), segment:0 -> SUCCESS @ /(staticContent)
    /(staticContent)/resources, segment:1 -> SUCCESS @ /(staticContent)/resources
      /(staticContent)/resources/{...}, segment:2 -> SUCCESS; Parameters [static-content-path-parameter=[index.json]] @ /(staticContent)/resources/{...}
        /(staticContent)/resources/{...}/(method:GET), segment:2 -> SUCCESS @ /(staticContent)/resources/{...}/(method:GET)
Matched routes:
  "" -> "(staticContent)" -> "resources" -> "{...}" -> "(method:GET)"
Routing resolve result:
  SUCCESS; Parameters [static-content-path-parameter=[index.json]] @ /(staticContent)/resources/{...}/(method:GET)
2026-02-01 21:54:48.444 [eventLoopGroupProxy-7-1 @call-handler#45] INFO  io.ktor.server.Application - [33m304 Not Modified[m: [36mGET[m - /resources/index.json in 0ms
2026-02-01 21:54:48.445 [DefaultDispatcher-worker-6 @coroutine#43] TRACE io.ktor.client.plugins.SaveBody - Saving body for http://localhost:55426/resources/index.json
2026-02-01 21:54:48.445 [DefaultDispatcher-worker-5 @coroutine#43] TRACE i.k.client.plugins.HttpCallValidator - Validating response for request http://localhost:55426/resources/index.json
2026-02-01 21:54:48.445 [DefaultDispatcher-worker-5 @coroutine#43] TRACE i.k.c.p.DefaultResponseValidation - Skipping default response validation for http://localhost:55426/resources/index.json
2026-02-01 21:54:50.528 [Test worker] INFO  io.ktor.server.Application - Autoreload is disabled because the development mode is off.
2026-02-01 21:54:50.528 [Test worker] INFO  io.ktor.server.Application - Application started in 0.0 seconds.
2026-02-01 21:54:50.530 [DefaultDispatcher-worker-5 @coroutine#49] INFO  io.ktor.server.Application - Responding at http://0.0.0.0:55429
2026-02-01 21:54:50.534 [Test worker @coroutine#52] TRACE i.k.c.p.c.ContentNegotiation - Adding Accept=application/json header for http://localhost:55429/resources/lesson001.json
2026-02-01 21:54:50.534 [Test worker @coroutine#52] TRACE i.k.c.p.c.ContentNegotiation - Body type class io.ktor.client.utils.EmptyContent is in ignored types. Skipping ContentNegotiation for http://localhost:55429/resources/lesson001.json.
2026-02-01 21:54:50.534 [Test worker @coroutine#52] TRACE i.ktor.client.plugins.HttpPlainText - Adding Accept-Charset=UTF-8 to http://localhost:55429/resources/lesson001.json
2026-02-01 21:54:50.537 [eventLoopGroupProxy-10-1 @call-handler#56] TRACE io.ktor.server.routing.Routing - Trace for [resources, lesson001.json]
/, segment:0 -> SUCCESS @ /
  /(staticContent), segment:0 -> SUCCESS @ /(staticContent)
    /(staticContent)/resources, segment:1 -> SUCCESS @ /(staticContent)/resources
      /(staticContent)/resources/{...}, segment:2 -> SUCCESS; Parameters [static-content-path-parameter=[lesson001.json]] @ /(staticContent)/resources/{...}
        /(staticContent)/resources/{...}/(method:GET), segment:2 -> SUCCESS @ /(staticContent)/resources/{...}/(method:GET)
Matched routes:
  "" -> "(staticContent)" -> "resources" -> "{...}" -> "(method:GET)"
Routing resolve result:
  SUCCESS; Parameters [static-content-path-parameter=[lesson001.json]] @ /(staticContent)/resources/{...}/(method:GET)
2026-02-01 21:54:50.539 [DefaultDispatcher-worker-5 @call-handler#56] INFO  io.ktor.server.Application - [32m200 OK[m: [36mGET[m - /resources/lesson001.json in 2ms
2026-02-01 21:54:50.539 [DefaultDispatcher-worker-6 @coroutine#52] TRACE io.ktor.client.plugins.SaveBody - Saving body for http://localhost:55429/resources/lesson001.json
2026-02-01 21:54:50.540 [DefaultDispatcher-worker-7 @coroutine#52] TRACE i.k.client.plugins.HttpCallValidator - Validating response for request http://localhost:55429/resources/lesson001.json
2026-02-01 21:54:50.540 [DefaultDispatcher-worker-7 @coroutine#52] TRACE i.k.c.p.DefaultResponseValidation - Skipping default response validation for http://localhost:55429/resources/lesson001.json
2026-02-01 21:54:50.558 [DefaultDispatcher-worker-7 @coroutine#52] TRACE i.k.c.p.c.ContentNegotiation - Response body was converted to class world.respect.lib.opds.model.OpdsPublication for http://localhost:55429/resources/lesson001.json.
2026-02-01 21:54:53.107 [Test worker @coroutine#61] INFO  io.ktor.server.Application - Autoreload is disabled because the development mode is off.
2026-02-01 21:54:53.115 [Test worker @coroutine#61] INFO  io.ktor.server.Application - Application started in 0.443 seconds.
2026-02-01 21:54:53.117 [DefaultDispatcher-worker-7 @coroutine#70] INFO  io.ktor.server.Application - Responding at http://0.0.0.0:55432
2026-02-01 21:54:53.124 [Test worker @coroutine#61] TRACE i.k.c.p.c.ContentNegotiation - Adding Accept=application/json header for http://localhost:55432/api/school/respect/schoolpermissiongrant
2026-02-01 21:54:53.124 [Test worker @coroutine#61] TRACE i.k.c.p.c.ContentNegotiation - Body type class io.ktor.client.utils.EmptyContent is in ignored types. Skipping ContentNegotiation for http://localhost:55432/api/school/respect/schoolpermissiongrant.
2026-02-01 21:54:53.124 [Test worker @coroutine#61] TRACE i.ktor.client.plugins.HttpPlainText - Adding Accept-Charset=UTF-8 to http://localhost:55432/api/school/respect/schoolpermissiongrant
2026-02-01 21:54:53.129 [eventLoopGroupProxy-13-1 @call-handler#74] TRACE io.ktor.server.routing.Routing - Trace for [api, school, respect, schoolpermissiongrant]
/, segment:0 -> SUCCESS @ /
  /api, segment:1 -> SUCCESS @ /api
    /api/school, segment:2 -> SUCCESS @ /api/school
      /api/school/respect, segment:3 -> SUCCESS @ /api/school/respect
        /api/school/respect/person, segment:3 -> FAILURE "Selector didn't match" @ /api/school/respect/person
        /api/school/respect/schoolpermissiongrant, segment:4 -> SUCCESS @ /api/school/respect/schoolpermissiongrant
          /api/school/respect/schoolpermissiongrant/(method:GET), segment:4 -> SUCCESS @ /api/school/respect/schoolpermissiongrant/(method:GET)
Matched routes:
  "" -> "api" -> "school" -> "respect" -> "schoolpermissiongrant" -> "(method:GET)"
Routing resolve result:
  SUCCESS @ /api/school/respect/schoolpermissiongrant/(method:GET)
2026-02-01 21:54:53.143 [Test worker @coroutine#61] TRACE io.ktor.client.plugins.SaveBody - Saving body for http://localhost:55432/api/school/respect/schoolpermissiongrant
2026-02-01 21:54:53.143 [Test worker @coroutine#61] TRACE i.k.client.plugins.HttpCallValidator - Validating response for request http://localhost:55432/api/school/respect/schoolpermissiongrant
2026-02-01 21:54:53.143 [Test worker @coroutine#61] TRACE i.k.c.p.DefaultResponseValidation - Skipping default response validation for http://localhost:55432/api/school/respect/schoolpermissiongrant
2026-02-01 21:54:53.145 [Test worker @coroutine#61] TRACE i.k.c.p.c.ContentNegotiation - Response body was converted to class java.util.ArrayList for http://localhost:55432/api/school/respect/schoolpermissiongrant.
2026-02-01 21:54:53.176 [Test worker @coroutine#61] TRACE i.k.c.p.c.ContentNegotiation - Adding Accept=application/json header for http://localhost:55432/api/school/respect/person?includeRelated=false
2026-02-01 21:54:53.177 [Test worker @coroutine#61] TRACE i.k.c.p.c.ContentNegotiation - Body type class io.ktor.client.utils.EmptyContent is in ignored types. Skipping ContentNegotiation for http://localhost:55432/api/school/respect/person?includeRelated=false.
2026-02-01 21:54:53.177 [Test worker @coroutine#61] TRACE i.ktor.client.plugins.HttpPlainText - Adding Accept-Charset=UTF-8 to http://localhost:55432/api/school/respect/person?includeRelated=false
2026-02-01 21:54:53.179 [eventLoopGroupProxy-13-1 @call-handler#80] TRACE io.ktor.server.routing.Routing - Trace for [api, school, respect, person]
/, segment:0 -> SUCCESS @ /
  /api, segment:1 -> SUCCESS @ /api
    /api/school, segment:2 -> SUCCESS @ /api/school
      /api/school/respect, segment:3 -> SUCCESS @ /api/school/respect
        /api/school/respect/person, segment:4 -> SUCCESS @ /api/school/respect/person
          /api/school/respect/person/(method:GET), segment:4 -> SUCCESS @ /api/school/respect/person/(method:GET)
          /api/school/respect/person/(method:POST), segment:4 -> FAILURE "Selector didn't match" @ /api/school/respect/person/(method:POST)
        /api/school/respect/schoolpermissiongrant, segment:3 -> FAILURE "Selector didn't match" @ /api/school/respect/schoolpermissiongrant
Matched routes:
  "" -> "api" -> "school" -> "respect" -> "person" -> "(method:GET)"
Routing resolve result:
  SUCCESS @ /api/school/respect/person/(method:GET)
2026-02-01 21:54:53.201 [Test worker @coroutine#61] TRACE io.ktor.client.plugins.SaveBody - Saving body for http://localhost:55432/api/school/respect/person?includeRelated=false
2026-02-01 21:54:53.201 [Test worker @coroutine#61] TRACE i.k.client.plugins.HttpCallValidator - Validating response for request http://localhost:55432/api/school/respect/person?includeRelated=false
2026-02-01 21:54:53.201 [Test worker @coroutine#61] TRACE i.k.c.p.DefaultResponseValidation - Skipping default response validation for http://localhost:55432/api/school/respect/person?includeRelated=false
2026-02-01 21:54:53.203 [Test worker @coroutine#61] TRACE i.k.c.p.c.ContentNegotiation - Response body was converted to class java.util.ArrayList for http://localhost:55432/api/school/respect/person?includeRelated=false.
2026-02-01 21:54:53.209 [Test worker @coroutine#61] TRACE i.k.c.p.c.ContentNegotiation - Adding Accept=application/json header for http://localhost:55432/api/school/respect/person?includeRelated=false
2026-02-01 21:54:53.209 [Test worker @coroutine#61] TRACE i.k.c.p.c.ContentNegotiation - Body type class io.ktor.client.utils.EmptyContent is in ignored types. Skipping ContentNegotiation for http://localhost:55432/api/school/respect/person?includeRelated=false.
2026-02-01 21:54:53.209 [Test worker @coroutine#61] TRACE i.ktor.client.plugins.HttpPlainText - Adding Accept-Charset=UTF-8 to http://localhost:55432/api/school/respect/person?includeRelated=false
2026-02-01 21:54:53.211 [eventLoopGroupProxy-13-1 @call-handler#86] TRACE io.ktor.server.routing.Routing - Trace for [api, school, respect, person]
/, segment:0 -> SUCCESS @ /
  /api, segment:1 -> SUCCESS @ /api
    /api/school, segment:2 -> SUCCESS @ /api/school
      /api/school/respect, segment:3 -> SUCCESS @ /api/school/respect
        /api/school/respect/person, segment:4 -> SUCCESS @ /api/school/respect/person
          /api/school/respect/person/(method:GET), segment:4 -> SUCCESS @ /api/school/respect/person/(method:GET)
          /api/school/respect/person/(method:POST), segment:4 -> FAILURE "Selector didn't match" @ /api/school/respect/person/(method:POST)
        /api/school/respect/schoolpermissiongrant, segment:3 -> FAILURE "Selector didn't match" @ /api/school/respect/schoolpermissiongrant
Matched routes:
  "" -> "api" -> "school" -> "respect" -> "person" -> "(method:GET)"
Routing resolve result:
  SUCCESS @ /api/school/respect/person/(method:GET)
2026-02-01 21:54:53.213 [DefaultDispatcher-worker-2 @call-handler#86] TRACE i.k.s.p.c.ContentNegotiation - Skipping response body transformation from HttpStatusCode to OutgoingContent for the GET /api/school/respect/person?includeRelated=false request because the HttpStatusCode type is ignored. See [ContentNegotiationConfig::ignoreType].
2026-02-01 21:54:53.214 [Test worker @coroutine#61] TRACE io.ktor.client.plugins.SaveBody - Saving body for http://localhost:55432/api/school/respect/person?includeRelated=false
2026-02-01 21:54:53.214 [Test worker @coroutine#61] TRACE i.k.client.plugins.HttpCallValidator - Validating response for request http://localhost:55432/api/school/respect/person?includeRelated=false
2026-02-01 21:54:53.214 [Test worker @coroutine#61] TRACE i.k.c.p.DefaultResponseValidation - Skipping default response validation for http://localhost:55432/api/school/respect/person?includeRelated=false
2026-02-01 21:54:55.314 [Test worker @coroutine#90] INFO  io.ktor.server.Application - Autoreload is disabled because the development mode is off.
2026-02-01 21:54:55.315 [Test worker @coroutine#90] INFO  io.ktor.server.Application - Application started in 0.005 seconds.
2026-02-01 21:54:55.316 [DefaultDispatcher-worker-10 @coroutine#99] INFO  io.ktor.server.Application - Responding at http://0.0.0.0:55435
2026-02-01 21:54:55.318 [Test worker @coroutine#90] TRACE i.k.c.p.c.ContentNegotiation - Adding Accept=application/json header for http://localhost:55435/api/school/respect/schoolpermissiongrant
2026-02-01 21:54:55.318 [Test worker @coroutine#90] TRACE i.k.c.p.c.ContentNegotiation - Body type class io.ktor.client.utils.EmptyContent is in ignored types. Skipping ContentNegotiation for http://localhost:55435/api/school/respect/schoolpermissiongrant.
2026-02-01 21:54:55.318 [Test worker @coroutine#90] TRACE i.ktor.client.plugins.HttpPlainText - Adding Accept-Charset=UTF-8 to http://localhost:55435/api/school/respect/schoolpermissiongrant
2026-02-01 21:54:55.321 [eventLoopGroupProxy-16-1 @call-handler#103] TRACE io.ktor.server.routing.Routing - Trace for [api, school, respect, schoolpermissiongrant]
/, segment:0 -> SUCCESS @ /
  /api, segment:1 -> SUCCESS @ /api
    /api/school, segment:2 -> SUCCESS @ /api/school
      /api/school/respect, segment:3 -> SUCCESS @ /api/school/respect
        /api/school/respect/person, segment:3 -> FAILURE "Selector didn't match" @ /api/school/respect/person
        /api/school/respect/schoolpermissiongrant, segment:4 -> SUCCESS @ /api/school/respect/schoolpermissiongrant
          /api/school/respect/schoolpermissiongrant/(method:GET), segment:4 -> SUCCESS @ /api/school/respect/schoolpermissiongrant/(method:GET)
Matched routes:
  "" -> "api" -> "school" -> "respect" -> "schoolpermissiongrant" -> "(method:GET)"
Routing resolve result:
  SUCCESS @ /api/school/respect/schoolpermissiongrant/(method:GET)
2026-02-01 21:54:55.323 [Test worker @coroutine#90] TRACE io.ktor.client.plugins.SaveBody - Saving body for http://localhost:55435/api/school/respect/schoolpermissiongrant
2026-02-01 21:54:55.323 [Test worker @coroutine#90] TRACE i.k.client.plugins.HttpCallValidator - Validating response for request http://localhost:55435/api/school/respect/schoolpermissiongrant
2026-02-01 21:54:55.323 [Test worker @coroutine#90] TRACE i.k.c.p.DefaultResponseValidation - Skipping default response validation for http://localhost:55435/api/school/respect/schoolpermissiongrant
2026-02-01 21:54:55.323 [Test worker @coroutine#90] TRACE i.k.c.p.c.ContentNegotiation - Response body was converted to class java.util.ArrayList for http://localhost:55435/api/school/respect/schoolpermissiongrant.
2026-02-01 21:54:55.338 [DefaultDispatcher-worker-10 @coroutine#109] TRACE i.k.c.p.c.ContentNegotiation - Adding Accept=application/json header for http://localhost:55435/api/school/respect/person?includeDeleted=true&includeRelated=false&offset=0&limit=100
2026-02-01 21:54:55.338 [DefaultDispatcher-worker-10 @coroutine#109] TRACE i.k.c.p.c.ContentNegotiation - Body type class io.ktor.client.utils.EmptyContent is in ignored types. Skipping ContentNegotiation for http://localhost:55435/api/school/respect/person?includeDeleted=true&includeRelated=false&offset=0&limit=100.
2026-02-01 21:54:55.338 [DefaultDispatcher-worker-10 @coroutine#109] TRACE i.ktor.client.plugins.HttpPlainText - Adding Accept-Charset=UTF-8 to http://localhost:55435/api/school/respect/person?includeDeleted=true&includeRelated=false&offset=0&limit=100
2026-02-01 21:54:55.340 [eventLoopGroupProxy-16-1 @call-handler#113] TRACE io.ktor.server.routing.Routing - Trace for [api, school, respect, person]
/, segment:0 -> SUCCESS @ /
  /api, segment:1 -> SUCCESS @ /api
    /api/school, segment:2 -> SUCCESS @ /api/school
      /api/school/respect, segment:3 -> SUCCESS @ /api/school/respect
        /api/school/respect/person, segment:4 -> SUCCESS @ /api/school/respect/person
          /api/school/respect/person/(method:GET), segment:4 -> SUCCESS @ /api/school/respect/person/(method:GET)
          /api/school/respect/person/(method:POST), segment:4 -> FAILURE "Selector didn't match" @ /api/school/respect/person/(method:POST)
        /api/school/respect/schoolpermissiongrant, segment:3 -> FAILURE "Selector didn't match" @ /api/school/respect/schoolpermissiongrant
Matched routes:
  "" -> "api" -> "school" -> "respect" -> "person" -> "(method:GET)"
Routing resolve result:
  SUCCESS @ /api/school/respect/person/(method:GET)
2026-02-01 21:54:55.343 [DefaultDispatcher-worker-10 @coroutine#109] TRACE io.ktor.client.plugins.SaveBody - Saving body for http://localhost:55435/api/school/respect/person?includeDeleted=true&includeRelated=false&offset=0&limit=100
2026-02-01 21:54:55.343 [DefaultDispatcher-worker-10 @coroutine#109] TRACE i.k.client.plugins.HttpCallValidator - Validating response for request http://localhost:55435/api/school/respect/person?includeDeleted=true&includeRelated=false&offset=0&limit=100
2026-02-01 21:54:55.343 [DefaultDispatcher-worker-10 @coroutine#109] TRACE i.k.c.p.DefaultResponseValidation - Skipping default response validation for http://localhost:55435/api/school/respect/person?includeDeleted=true&includeRelated=false&offset=0&limit=100
2026-02-01 21:54:55.344 [DefaultDispatcher-worker-10 @coroutine#109] TRACE i.k.c.p.c.ContentNegotiation - Response body was converted to class java.util.ArrayList for http://localhost:55435/api/school/respect/person?includeDeleted=true&includeRelated=false&offset=0&limit=100.
2026-02-01 21:54:57.445 [Test worker @coroutine#118] INFO  io.ktor.server.Application - Autoreload is disabled because the development mode is off.
2026-02-01 21:54:57.445 [Test worker @coroutine#118] INFO  io.ktor.server.Application - Application started in 0.004 seconds.
2026-02-01 21:54:57.446 [DefaultDispatcher-worker-7 @coroutine#127] INFO  io.ktor.server.Application - Responding at http://0.0.0.0:55437
2026-02-01 21:54:57.450 [Test worker @coroutine#118] TRACE i.k.c.p.c.ContentNegotiation - Adding Accept=application/json header for http://localhost:55437/api/school/respect/person?includeRelated=false
2026-02-01 21:54:57.450 [Test worker @coroutine#118] TRACE i.k.c.p.c.ContentNegotiation - Body type class io.ktor.client.utils.EmptyContent is in ignored types. Skipping ContentNegotiation for http://localhost:55437/api/school/respect/person?includeRelated=false.
2026-02-01 21:54:57.450 [Test worker @coroutine#118] TRACE i.ktor.client.plugins.HttpPlainText - Adding Accept-Charset=UTF-8 to http://localhost:55437/api/school/respect/person?includeRelated=false
2026-02-01 21:54:57.453 [eventLoopGroupProxy-19-1 @call-handler#132] TRACE io.ktor.server.routing.Routing - Trace for [api, school, respect, person]
/, segment:0 -> SUCCESS @ /
  /api, segment:1 -> SUCCESS @ /api
    /api/school, segment:2 -> SUCCESS @ /api/school
      /api/school/respect, segment:3 -> SUCCESS @ /api/school/respect
        /api/school/respect/person, segment:4 -> SUCCESS @ /api/school/respect/person
          /api/school/respect/person/(method:GET), segment:4 -> SUCCESS @ /api/school/respect/person/(method:GET)
          /api/school/respect/person/(method:POST), segment:4 -> FAILURE "Selector didn't match" @ /api/school/respect/person/(method:POST)
Matched routes:
  "" -> "api" -> "school" -> "respect" -> "person" -> "(method:GET)"
Routing resolve result:
  SUCCESS @ /api/school/respect/person/(method:GET)
2026-02-01 21:54:57.457 [Test worker @coroutine#118] TRACE io.ktor.client.plugins.SaveBody - Saving body for http://localhost:55437/api/school/respect/person?includeRelated=false
2026-02-01 21:54:57.458 [Test worker @coroutine#118] TRACE i.k.client.plugins.HttpCallValidator - Validating response for request http://localhost:55437/api/school/respect/person?includeRelated=false
2026-02-01 21:54:57.458 [Test worker @coroutine#118] TRACE i.k.c.p.DefaultResponseValidation - Skipping default response validation for http://localhost:55437/api/school/respect/person?includeRelated=false
2026-02-01 21:54:57.459 [Test worker @coroutine#118] TRACE i.k.c.p.c.ContentNegotiation - Response body was converted to class java.util.ArrayList for http://localhost:55437/api/school/respect/person?includeRelated=false.
2026-02-01 21:54:57.478 [Test worker @coroutine#118] TRACE i.k.c.p.c.ContentNegotiation - Adding Accept=application/json header for http://localhost:55437/api/school/respect/person?since=2026-02-01T16%3A24%3A57.454254Z&includeRelated=false
2026-02-01 21:54:57.479 [Test worker @coroutine#118] TRACE i.k.c.p.c.ContentNegotiation - Body type class io.ktor.client.utils.EmptyContent is in ignored types. Skipping ContentNegotiation for http://localhost:55437/api/school/respect/person?since=2026-02-01T16%3A24%3A57.454254Z&includeRelated=false.
2026-02-01 21:54:57.479 [Test worker @coroutine#118] TRACE i.ktor.client.plugins.HttpPlainText - Adding Accept-Charset=UTF-8 to http://localhost:55437/api/school/respect/person?since=2026-02-01T16%3A24%3A57.454254Z&includeRelated=false
2026-02-01 21:54:57.480 [eventLoopGroupProxy-19-1 @call-handler#138] TRACE io.ktor.server.routing.Routing - Trace for [api, school, respect, person]
/, segment:0 -> SUCCESS @ /
  /api, segment:1 -> SUCCESS @ /api
    /api/school, segment:2 -> SUCCESS @ /api/school
      /api/school/respect, segment:3 -> SUCCESS @ /api/school/respect
        /api/school/respect/person, segment:4 -> SUCCESS @ /api/school/respect/person
          /api/school/respect/person/(method:GET), segment:4 -> SUCCESS @ /api/school/respect/person/(method:GET)
          /api/school/respect/person/(method:POST), segment:4 -> FAILURE "Selector didn't match" @ /api/school/respect/person/(method:POST)
Matched routes:
  "" -> "api" -> "school" -> "respect" -> "person" -> "(method:GET)"
Routing resolve result:
  SUCCESS @ /api/school/respect/person/(method:GET)
2026-02-01 21:54:57.483 [Test worker @coroutine#118] TRACE io.ktor.client.plugins.SaveBody - Saving body for http://localhost:55437/api/school/respect/person?since=2026-02-01T16%3A24%3A57.454254Z&includeRelated=false
2026-02-01 21:54:57.483 [Test worker @coroutine#118] TRACE i.k.client.plugins.HttpCallValidator - Validating response for request http://localhost:55437/api/school/respect/person?since=2026-02-01T16%3A24%3A57.454254Z&includeRelated=false
2026-02-01 21:54:57.483 [Test worker @coroutine#118] TRACE i.k.c.p.DefaultResponseValidation - Skipping default response validation for http://localhost:55437/api/school/respect/person?since=2026-02-01T16%3A24%3A57.454254Z&includeRelated=false
2026-02-01 21:54:57.484 [Test worker @coroutine#118] TRACE i.k.c.p.c.ContentNegotiation - Response body was converted to class java.util.ArrayList for http://localhost:55437/api/school/respect/person?since=2026-02-01T16%3A24%3A57.454254Z&includeRelated=false.
2026-02-01 21:54:59.578 [Test worker @coroutine#144] INFO  io.ktor.server.Application - Autoreload is disabled because the development mode is off.
2026-02-01 21:54:59.578 [Test worker @coroutine#144] INFO  io.ktor.server.Application - Application started in 0.005 seconds.
2026-02-01 21:54:59.579 [DefaultDispatcher-worker-4 @coroutine#153] INFO  io.ktor.server.Application - Responding at http://0.0.0.0:55444
2026-02-01 21:54:59.590 [DefaultDispatcher-worker-4 @coroutine#151] TRACE i.k.c.p.c.ContentNegotiation - Adding Accept=application/json header for http://localhost:55444/api/school/respect/person
2026-02-01 21:54:59.590 [DefaultDispatcher-worker-4 @coroutine#151] TRACE i.k.c.p.c.ContentNegotiation - Converted request body using io.ktor.serialization.kotlinx.KotlinxSerializationConverter@4d70519c for http://localhost:55444/api/school/respect/person
2026-02-01 21:54:59.590 [DefaultDispatcher-worker-4 @coroutine#151] TRACE i.ktor.client.plugins.HttpPlainText - Adding Accept-Charset=UTF-8 to http://localhost:55444/api/school/respect/person
2026-02-01 21:54:59.591 [DefaultDispatcher-worker-4 @coroutine#151] TRACE i.k.c.plugins.defaultTransformers - Transformed with default transformers request body for http://localhost:55444/api/school/respect/person from class io.ktor.http.content.TextContent
2026-02-01 21:54:59.596 [eventLoopGroupProxy-22-1 @call-handler#163] TRACE io.ktor.server.routing.Routing - Trace for [api, school, respect, person]
/, segment:0 -> SUCCESS @ /
  /api, segment:1 -> SUCCESS @ /api
    /api/school, segment:2 -> SUCCESS @ /api/school
      /api/school/respect, segment:3 -> SUCCESS @ /api/school/respect
        /api/school/respect/person, segment:4 -> SUCCESS @ /api/school/respect/person
          /api/school/respect/person/(method:GET), segment:4 -> FAILURE "Selector didn't match" @ /api/school/respect/person/(method:GET)
          /api/school/respect/person/(method:POST), segment:4 -> SUCCESS @ /api/school/respect/person/(method:POST)
Matched routes:
  "" -> "api" -> "school" -> "respect" -> "person" -> "(method:POST)"
Routing resolve result:
  SUCCESS @ /api/school/respect/person/(method:POST)
2026-02-01 21:54:59.606 [eventLoopGroupProxy-22-1 @call-handler#163] TRACE i.k.server.engine.DefaultTransform - No Default Transformations found for class io.ktor.utils.io.ByteChannel and expected type TypeInfo(kotlin.collections.List<world.respect.datalayer.school.model.Person>) for call /api/school/respect/person
2026-02-01 21:54:59.608 [DefaultDispatcher-worker-4 @call-handler#163] TRACE i.k.s.p.c.ContentNegotiation - Skipping response body transformation from HttpStatusCode to OutgoingContent for the POST /api/school/respect/person request because the HttpStatusCode type is ignored. See [ContentNegotiationConfig::ignoreType].
2026-02-01 21:54:59.610 [DefaultDispatcher-worker-8 @coroutine#151] TRACE io.ktor.client.plugins.SaveBody - Saving body for http://localhost:55444/api/school/respect/person
2026-02-01 21:54:59.610 [DefaultDispatcher-worker-8 @coroutine#151] TRACE i.k.client.plugins.HttpCallValidator - Validating response for request http://localhost:55444/api/school/respect/person
2026-02-01 21:54:59.610 [DefaultDispatcher-worker-8 @coroutine#151] TRACE i.k.c.p.DefaultResponseValidation - Skipping default response validation for http://localhost:55444/api/school/respect/person
2026-02-01 21:55:01.697 [Test worker @coroutine#168] INFO  io.ktor.server.Application - Autoreload is disabled because the development mode is off.
2026-02-01 21:55:01.698 [Test worker @coroutine#168] INFO  io.ktor.server.Application - Application started in 0.005 seconds.
2026-02-01 21:55:01.699 [DefaultDispatcher-worker-4 @coroutine#177] INFO  io.ktor.server.Application - Responding at http://0.0.0.0:55447
2026-02-01 21:55:01.700 [Test worker @coroutine#168] TRACE i.k.c.p.c.ContentNegotiation - Adding Accept=application/json header for http://localhost:55447/api/school/respect/schoolpermissiongrant
2026-02-01 21:55:01.700 [Test worker @coroutine#168] TRACE i.k.c.p.c.ContentNegotiation - Body type class io.ktor.client.utils.EmptyContent is in ignored types. Skipping ContentNegotiation for http://localhost:55447/api/school/respect/schoolpermissiongrant.
2026-02-01 21:55:01.700 [Test worker @coroutine#168] TRACE i.ktor.client.plugins.HttpPlainText - Adding Accept-Charset=UTF-8 to http://localhost:55447/api/school/respect/schoolpermissiongrant
2026-02-01 21:55:01.703 [eventLoopGroupProxy-25-1 @call-handler#181] TRACE io.ktor.server.routing.Routing - Trace for [api, school, respect, schoolpermissiongrant]
/, segment:0 -> SUCCESS @ /
  /api, segment:1 -> SUCCESS @ /api
    /api/school, segment:2 -> SUCCESS @ /api/school
      /api/school/respect, segment:3 -> SUCCESS @ /api/school/respect
        /api/school/respect/person, segment:3 -> FAILURE "Selector didn't match" @ /api/school/respect/person
        /api/school/respect/schoolpermissiongrant, segment:4 -> SUCCESS @ /api/school/respect/schoolpermissiongrant
          /api/school/respect/schoolpermissiongrant/(method:GET), segment:4 -> SUCCESS @ /api/school/respect/schoolpermissiongrant/(method:GET)
Matched routes:
  "" -> "api" -> "school" -> "respect" -> "schoolpermissiongrant" -> "(method:GET)"
Routing resolve result:
  SUCCESS @ /api/school/respect/schoolpermissiongrant/(method:GET)
2026-02-01 21:55:01.705 [Test worker @coroutine#168] TRACE io.ktor.client.plugins.SaveBody - Saving body for http://localhost:55447/api/school/respect/schoolpermissiongrant
2026-02-01 21:55:01.705 [Test worker @coroutine#168] TRACE i.k.client.plugins.HttpCallValidator - Validating response for request http://localhost:55447/api/school/respect/schoolpermissiongrant
2026-02-01 21:55:01.705 [Test worker @coroutine#168] TRACE i.k.c.p.DefaultResponseValidation - Skipping default response validation for http://localhost:55447/api/school/respect/schoolpermissiongrant
2026-02-01 21:55:01.705 [Test worker @coroutine#168] TRACE i.k.c.p.c.ContentNegotiation - Response body was converted to class java.util.ArrayList for http://localhost:55447/api/school/respect/schoolpermissiongrant.
2026-02-01 21:55:01.710 [Test worker @coroutine#168] TRACE i.k.c.p.c.ContentNegotiation - Adding Accept=application/json header for http://localhost:55447/api/school/respect/person?includeRelated=false
2026-02-01 21:55:01.710 [Test worker @coroutine#168] TRACE i.k.c.p.c.ContentNegotiation - Body type class io.ktor.client.utils.EmptyContent is in ignored types. Skipping ContentNegotiation for http://localhost:55447/api/school/respect/person?includeRelated=false.
2026-02-01 21:55:01.710 [Test worker @coroutine#168] TRACE i.ktor.client.plugins.HttpPlainText - Adding Accept-Charset=UTF-8 to http://localhost:55447/api/school/respect/person?includeRelated=false
2026-02-01 21:55:01.712 [eventLoopGroupProxy-25-1 @call-handler#187] TRACE io.ktor.server.routing.Routing - Trace for [api, school, respect, person]
/, segment:0 -> SUCCESS @ /
  /api, segment:1 -> SUCCESS @ /api
    /api/school, segment:2 -> SUCCESS @ /api/school
      /api/school/respect, segment:3 -> SUCCESS @ /api/school/respect
        /api/school/respect/person, segment:4 -> SUCCESS @ /api/school/respect/person
          /api/school/respect/person/(method:GET), segment:4 -> SUCCESS @ /api/school/respect/person/(method:GET)
          /api/school/respect/person/(method:POST), segment:4 -> FAILURE "Selector didn't match" @ /api/school/respect/person/(method:POST)
        /api/school/respect/schoolpermissiongrant, segment:3 -> FAILURE "Selector didn't match" @ /api/school/respect/schoolpermissiongrant
Matched routes:
  "" -> "api" -> "school" -> "respect" -> "person" -> "(method:GET)"
Routing resolve result:
  SUCCESS @ /api/school/respect/person/(method:GET)
2026-02-01 21:55:01.717 [Test worker @coroutine#168] TRACE io.ktor.client.plugins.SaveBody - Saving body for http://localhost:55447/api/school/respect/person?includeRelated=false
2026-02-01 21:55:01.717 [Test worker @coroutine#168] TRACE i.k.client.plugins.HttpCallValidator - Validating response for request http://localhost:55447/api/school/respect/person?includeRelated=false
2026-02-01 21:55:01.717 [Test worker @coroutine#168] TRACE i.k.c.p.DefaultResponseValidation - Skipping default response validation for http://localhost:55447/api/school/respect/person?includeRelated=false
2026-02-01 21:55:01.718 [Test worker @coroutine#168] TRACE i.k.c.p.c.ContentNegotiation - Response body was converted to class java.util.ArrayList for http://localhost:55447/api/school/respect/person?includeRelated=false.
2026-02-01 21:55:03.732 [Test worker @coroutine#168] TRACE i.k.c.p.c.ContentNegotiation - Adding Accept=application/json header for http://localhost:55447/api/school/respect/person?includeRelated=false
2026-02-01 21:55:03.732 [Test worker @coroutine#168] TRACE i.k.c.p.c.ContentNegotiation - Body type class io.ktor.client.utils.EmptyContent is in ignored types. Skipping ContentNegotiation for http://localhost:55447/api/school/respect/person?includeRelated=false.
2026-02-01 21:55:03.732 [Test worker @coroutine#168] TRACE i.ktor.client.plugins.HttpPlainText - Adding Accept-Charset=UTF-8 to http://localhost:55447/api/school/respect/person?includeRelated=false
2026-02-01 21:55:03.733 [eventLoopGroupProxy-25-1 @call-handler#194] TRACE io.ktor.server.routing.Routing - Trace for [api, school, respect, person]
/, segment:0 -> SUCCESS @ /
  /api, segment:1 -> SUCCESS @ /api
    /api/school, segment:2 -> SUCCESS @ /api/school
      /api/school/respect, segment:3 -> SUCCESS @ /api/school/respect
        /api/school/respect/person, segment:4 -> SUCCESS @ /api/school/respect/person
          /api/school/respect/person/(method:GET), segment:4 -> SUCCESS @ /api/school/respect/person/(method:GET)
          /api/school/respect/person/(method:POST), segment:4 -> FAILURE "Selector didn't match" @ /api/school/respect/person/(method:POST)
        /api/school/respect/schoolpermissiongrant, segment:3 -> FAILURE "Selector didn't match" @ /api/school/respect/schoolpermissiongrant
Matched routes:
  "" -> "api" -> "school" -> "respect" -> "person" -> "(method:GET)"
Routing resolve result:
  SUCCESS @ /api/school/respect/person/(method:GET)
2026-02-01 21:55:03.736 [Test worker @coroutine#168] TRACE io.ktor.client.plugins.SaveBody - Saving body for http://localhost:55447/api/school/respect/person?includeRelated=false
2026-02-01 21:55:03.736 [Test worker @coroutine#168] TRACE i.k.client.plugins.HttpCallValidator - Validating response for request http://localhost:55447/api/school/respect/person?includeRelated=false
2026-02-01 21:55:03.736 [Test worker @coroutine#168] TRACE i.k.c.p.DefaultResponseValidation - Skipping default response validation for http://localhost:55447/api/school/respect/person?includeRelated=false
2026-02-01 21:55:03.737 [Test worker @coroutine#168] TRACE i.k.c.p.c.ContentNegotiation - Response body was converted to class java.util.ArrayList for http://localhost:55447/api/school/respect/person?includeRelated=false.
2026-02-01 21:55:05.833 [Test worker @coroutine#200] INFO  io.ktor.server.Application - Autoreload is disabled because the development mode is off.
2026-02-01 21:55:05.834 [Test worker @coroutine#200] INFO  io.ktor.server.Application - Application started in 0.004 seconds.
2026-02-01 21:55:05.835 [DefaultDispatcher-worker-4 @coroutine#209] INFO  io.ktor.server.Application - Responding at http://0.0.0.0:55450
2026-02-01 21:55:05.837 [Test worker @coroutine#200] TRACE i.k.c.p.c.ContentNegotiation - Adding Accept=application/json header for http://localhost:55450/api/school/respect/person?includeRelated=false
2026-02-01 21:55:05.837 [Test worker @coroutine#200] TRACE i.k.c.p.c.ContentNegotiation - Body type class io.ktor.client.utils.EmptyContent is in ignored types. Skipping ContentNegotiation for http://localhost:55450/api/school/respect/person?includeRelated=false.
2026-02-01 21:55:05.837 [Test worker @coroutine#200] TRACE i.ktor.client.plugins.HttpPlainText - Adding Accept-Charset=UTF-8 to http://localhost:55450/api/school/respect/person?includeRelated=false
2026-02-01 21:55:05.839 [eventLoopGroupProxy-28-1 @call-handler#214] TRACE io.ktor.server.routing.Routing - Trace for [api, school, respect, person]
/, segment:0 -> SUCCESS @ /
  /api, segment:1 -> SUCCESS @ /api
    /api/school, segment:2 -> SUCCESS @ /api/school
      /api/school/respect, segment:3 -> SUCCESS @ /api/school/respect
        /api/school/respect/person, segment:4 -> SUCCESS @ /api/school/respect/person
          /api/school/respect/person/(method:GET), segment:4 -> SUCCESS @ /api/school/respect/person/(method:GET)
          /api/school/respect/person/(method:POST), segment:4 -> FAILURE "Selector didn't match" @ /api/school/respect/person/(method:POST)
Matched routes:
  "" -> "api" -> "school" -> "respect" -> "person" -> "(method:GET)"
Routing resolve result:
  SUCCESS @ /api/school/respect/person/(method:GET)
2026-02-01 21:55:05.842 [Test worker @coroutine#200] TRACE io.ktor.client.plugins.SaveBody - Saving body for http://localhost:55450/api/school/respect/person?includeRelated=false
2026-02-01 21:55:05.843 [Test worker @coroutine#200] TRACE i.k.client.plugins.HttpCallValidator - Validating response for request http://localhost:55450/api/school/respect/person?includeRelated=false
2026-02-01 21:55:05.843 [Test worker @coroutine#200] TRACE i.k.c.p.DefaultResponseValidation - Skipping default response validation for http://localhost:55450/api/school/respect/person?includeRelated=false
2026-02-01 21:55:05.844 [Test worker @coroutine#200] TRACE i.k.c.p.c.ContentNegotiation - Response body was converted to class java.util.ArrayList for http://localhost:55450/api/school/respect/person?includeRelated=false.
2026-02-01 21:55:05.850 [Test worker @coroutine#200] TRACE i.k.c.p.c.ContentNegotiation - Adding Accept=application/json header for http://localhost:55450/api/school/respect/person?since=2026-02-01T16%3A25%3A05.840105Z&includeRelated=false
2026-02-01 21:55:05.850 [Test worker @coroutine#200] TRACE i.k.c.p.c.ContentNegotiation - Body type class io.ktor.client.utils.EmptyContent is in ignored types. Skipping ContentNegotiation for http://localhost:55450/api/school/respect/person?since=2026-02-01T16%3A25%3A05.840105Z&includeRelated=false.
2026-02-01 21:55:05.851 [Test worker @coroutine#200] TRACE i.ktor.client.plugins.HttpPlainText - Adding Accept-Charset=UTF-8 to http://localhost:55450/api/school/respect/person?since=2026-02-01T16%3A25%3A05.840105Z&includeRelated=false
2026-02-01 21:55:05.852 [eventLoopGroupProxy-28-1 @call-handler#221] TRACE io.ktor.server.routing.Routing - Trace for [api, school, respect, person]
/, segment:0 -> SUCCESS @ /
  /api, segment:1 -> SUCCESS @ /api
    /api/school, segment:2 -> SUCCESS @ /api/school
      /api/school/respect, segment:3 -> SUCCESS @ /api/school/respect
        /api/school/respect/person, segment:4 -> SUCCESS @ /api/school/respect/person
          /api/school/respect/person/(method:GET), segment:4 -> SUCCESS @ /api/school/respect/person/(method:GET)
          /api/school/respect/person/(method:POST), segment:4 -> FAILURE "Selector didn't match" @ /api/school/respect/person/(method:POST)
Matched routes:
  "" -> "api" -> "school" -> "respect" -> "person" -> "(method:GET)"
Routing resolve result:
  SUCCESS @ /api/school/respect/person/(method:GET)
2026-02-01 21:55:05.854 [Test worker @coroutine#200] TRACE io.ktor.client.plugins.SaveBody - Saving body for http://localhost:55450/api/school/respect/person?since=2026-02-01T16%3A25%3A05.840105Z&includeRelated=false
2026-02-01 21:55:05.855 [Test worker @coroutine#200] TRACE i.k.client.plugins.HttpCallValidator - Validating response for request http://localhost:55450/api/school/respect/person?since=2026-02-01T16%3A25%3A05.840105Z&includeRelated=false
2026-02-01 21:55:05.855 [Test worker @coroutine#200] TRACE i.k.c.p.DefaultResponseValidation - Skipping default response validation for http://localhost:55450/api/school/respect/person?since=2026-02-01T16%3A25%3A05.840105Z&includeRelated=false
2026-02-01 21:55:05.855 [Test worker @coroutine#200] TRACE i.k.c.p.c.ContentNegotiation - Response body was converted to class java.util.ArrayList for http://localhost:55450/api/school/respect/person?since=2026-02-01T16%3A25%3A05.840105Z&includeRelated=false.
